<?xml version="1.0" encoding="UTF-8"?>
<testng-results ignored="0" total="3" passed="2" failed="1" skipped="0">
  <reporter-output>
  </reporter-output>
  <suite started-at="2024-05-29T11:46:00 IST" name="Default suite" finished-at="2024-05-29T11:47:37 IST" duration-ms="96892">
    <groups>
    </groups>
    <test started-at="2024-05-29T11:46:00 IST" name="Default test" finished-at="2024-05-29T11:47:37 IST" duration-ms="96892">
      <class name="org.ict.testcases.AdminLoginTC">
        <test-method is-config="true" signature="launch()[pri:0, instance:org.ict.testcases.AdminLoginTC@7722c3c3]" started-at="2024-05-29T11:46:00 IST" name="launch" finished-at="2024-05-29T11:46:11 IST" duration-ms="11183" status="PASS">
          <reporter-output>
          </reporter-output>
        </test-method> <!-- launch -->
        <test-method signature="blankAdLogin()[pri:1, instance:org.ict.testcases.AdminLoginTC@7722c3c3]" started-at="2024-05-29T11:46:11 IST" name="blankAdLogin" finished-at="2024-05-29T11:46:13 IST" duration-ms="1843" status="FAIL">
          <exception class="org.openqa.selenium.ElementClickInterceptedException">
            <message>
              <![CDATA[element click intercepted: Element <button _ngcontent-vat-c32="" type="submit" class="btn bg-gradient-info mt-4 mb-0" disabled="">...</button> is not clickable at point (767, 449). Other element would receive the click: <div _ngcontent-vat-c32="" class="text-center">...</div>
  (Session info: chrome=125.0.6422.112)
Build info: version: '4.21.0', revision: '79ed462ef4'
System info: os.name: 'Windows 11', os.arch: 'amd64', os.version: '10.0', java.version: '21.0.1'
Driver info: org.openqa.selenium.chrome.ChromeDriver
Command: [65178c34ebed093ceb585699da0e6445, clickElement {id=f.B80C37E63B58A2E65FA38F34F083690D.d.15D000D78817F948FB8C6D9F805B8161.e.9}]
Capabilities {acceptInsecureCerts: false, browserName: chrome, browserVersion: 125.0.6422.112, chrome: {chromedriverVersion: 125.0.6422.78 (14db42ec38ad..., userDataDir: C:\Users\kpson\AppData\Loca...}, fedcm:accounts: true, goog:chromeOptions: {debuggerAddress: localhost:61978}, networkConnectionEnabled: false, pageLoadStrategy: normal, platformName: windows, proxy: Proxy(), se:cdp: ws://localhost:61978/devtoo..., se:cdpVersion: 125.0.6422.112, setWindowRect: true, strictFileInteractability: false, timeouts: {implicit: 0, pageLoad: 300000, script: 30000}, unhandledPromptBehavior: dismiss and notify, webauthn:extension:credBlob: true, webauthn:extension:largeBlob: true, webauthn:extension:minPinLength: true, webauthn:extension:prf: true, webauthn:virtualAuthenticators: true}
Element: [[ChromeDriver: chrome on windows (65178c34ebed093ceb585699da0e6445)] -> xpath: //*[@id='exampleModalForm']//child::button]
Session ID: 65178c34ebed093ceb585699da0e6445]]>
            </message>
            <full-stacktrace>
              <![CDATA[org.openqa.selenium.ElementClickInterceptedException: element click intercepted: Element <button _ngcontent-vat-c32="" type="submit" class="btn bg-gradient-info mt-4 mb-0" disabled="">...</button> is not clickable at point (767, 449). Other element would receive the click: <div _ngcontent-vat-c32="" class="text-center">...</div>
  (Session info: chrome=125.0.6422.112)
Build info: version: '4.21.0', revision: '79ed462ef4'
System info: os.name: 'Windows 11', os.arch: 'amd64', os.version: '10.0', java.version: '21.0.1'
Driver info: org.openqa.selenium.chrome.ChromeDriver
Command: [65178c34ebed093ceb585699da0e6445, clickElement {id=f.B80C37E63B58A2E65FA38F34F083690D.d.15D000D78817F948FB8C6D9F805B8161.e.9}]
Capabilities {acceptInsecureCerts: false, browserName: chrome, browserVersion: 125.0.6422.112, chrome: {chromedriverVersion: 125.0.6422.78 (14db42ec38ad..., userDataDir: C:\Users\kpson\AppData\Loca...}, fedcm:accounts: true, goog:chromeOptions: {debuggerAddress: localhost:61978}, networkConnectionEnabled: false, pageLoadStrategy: normal, platformName: windows, proxy: Proxy(), se:cdp: ws://localhost:61978/devtoo..., se:cdpVersion: 125.0.6422.112, setWindowRect: true, strictFileInteractability: false, timeouts: {implicit: 0, pageLoad: 300000, script: 30000}, unhandledPromptBehavior: dismiss and notify, webauthn:extension:credBlob: true, webauthn:extension:largeBlob: true, webauthn:extension:minPinLength: true, webauthn:extension:prf: true, webauthn:virtualAuthenticators: true}
Element: [[ChromeDriver: chrome on windows (65178c34ebed093ceb585699da0e6445)] -> xpath: //*[@id='exampleModalForm']//child::button]
Session ID: 65178c34ebed093ceb585699da0e6445
at java.base/jdk.internal.reflect.DirectConstructorHandleAccessor.newInstance(DirectConstructorHandleAccessor.java:62)
at java.base/java.lang.reflect.Constructor.newInstanceWithCaller(Constructor.java:502)
at java.base/java.lang.reflect.Constructor.newInstance(Constructor.java:486)
at org.openqa.selenium.remote.ErrorCodec.decode(ErrorCodec.java:167)
at org.openqa.selenium.remote.codec.w3c.W3CHttpResponseCodec.decode(W3CHttpResponseCodec.java:138)
at org.openqa.selenium.remote.codec.w3c.W3CHttpResponseCodec.decode(W3CHttpResponseCodec.java:50)
at org.openqa.selenium.remote.HttpCommandExecutor.execute(HttpCommandExecutor.java:190)
at org.openqa.selenium.remote.service.DriverCommandExecutor.invokeExecute(DriverCommandExecutor.java:216)
at org.openqa.selenium.remote.service.DriverCommandExecutor.execute(DriverCommandExecutor.java:174)
at org.openqa.selenium.remote.RemoteWebDriver.execute(RemoteWebDriver.java:518)
at org.openqa.selenium.remote.RemoteWebElement.execute(RemoteWebElement.java:223)
at org.openqa.selenium.remote.RemoteWebElement.click(RemoteWebElement.java:76)
at org.ict.pages.AdminLoginPage.sgnBtn(AdminLoginPage.java:55)
at org.ict.testcases.AdminLoginTC.blankAdLogin(AdminLoginTC.java:48)
at java.base/jdk.internal.reflect.DirectMethodHandleAccessor.invoke(DirectMethodHandleAccessor.java:103)
at java.base/java.lang.reflect.Method.invoke(Method.java:580)
at org.testng.internal.MethodInvocationHelper.invokeMethod(MethodInvocationHelper.java:133)
at org.testng.internal.TestInvoker.invokeMethod(TestInvoker.java:598)
at org.testng.internal.TestInvoker.invokeTestMethod(TestInvoker.java:173)
at org.testng.internal.MethodRunner.runInSequence(MethodRunner.java:46)
at org.testng.internal.TestInvoker$MethodInvocationAgent.invoke(TestInvoker.java:824)
at org.testng.internal.TestInvoker.invokeTestMethods(TestInvoker.java:146)
at org.testng.internal.TestMethodWorker.invokeTestMethods(TestMethodWorker.java:146)
at org.testng.internal.TestMethodWorker.run(TestMethodWorker.java:128)
at java.base/java.util.ArrayList.forEach(ArrayList.java:1596)
at org.testng.TestRunner.privateRun(TestRunner.java:794)
at org.testng.TestRunner.run(TestRunner.java:596)
at org.testng.SuiteRunner.runTest(SuiteRunner.java:377)
at org.testng.SuiteRunner.runSequentially(SuiteRunner.java:371)
at org.testng.SuiteRunner.privateRun(SuiteRunner.java:332)
at org.testng.SuiteRunner.run(SuiteRunner.java:276)
at org.testng.SuiteRunnerWorker.runSuite(SuiteRunnerWorker.java:53)
at org.testng.SuiteRunnerWorker.run(SuiteRunnerWorker.java:96)
at org.testng.TestNG.runSuitesSequentially(TestNG.java:1212)
at org.testng.TestNG.runSuitesLocally(TestNG.java:1134)
at org.testng.TestNG.runSuites(TestNG.java:1063)
at org.testng.TestNG.run(TestNG.java:1031)
at org.testng.remote.AbstractRemoteTestNG.run(AbstractRemoteTestNG.java:115)
at org.testng.remote.RemoteTestNG.initAndRun(RemoteTestNG.java:293)
at org.testng.remote.RemoteTestNG.main(RemoteTestNG.java:91)
]]>
            </full-stacktrace>
          </exception> <!-- org.openqa.selenium.ElementClickInterceptedException -->
          <reporter-output>
          </reporter-output>
        </test-method> <!-- blankAdLogin -->
        <test-method is-config="true" signature="new_setup()[pri:0, instance:org.ict.testcases.AdminLoginTC@7722c3c3]" started-at="2024-05-29T11:46:13 IST" name="new_setup" finished-at="2024-05-29T11:46:14 IST" duration-ms="297" status="PASS">
          <reporter-output>
          </reporter-output>
        </test-method> <!-- new_setup -->
        <test-method is-config="true" signature="launch()[pri:0, instance:org.ict.testcases.AdminLoginTC@7722c3c3]" started-at="2024-05-29T11:46:14 IST" name="launch" finished-at="2024-05-29T11:46:25 IST" duration-ms="11502" status="PASS">
          <reporter-output>
          </reporter-output>
        </test-method> <!-- launch -->
        <test-method signature="invalidAdLogin()[pri:2, instance:org.ict.testcases.AdminLoginTC@7722c3c3]" started-at="2024-05-29T11:46:25 IST" name="invalidAdLogin" finished-at="2024-05-29T11:46:26 IST" duration-ms="966" status="PASS">
          <reporter-output>
          </reporter-output>
        </test-method> <!-- invalidAdLogin -->
        <test-method is-config="true" signature="new_setup()[pri:0, instance:org.ict.testcases.AdminLoginTC@7722c3c3]" started-at="2024-05-29T11:46:26 IST" name="new_setup" finished-at="2024-05-29T11:46:26 IST" duration-ms="185" status="PASS">
          <reporter-output>
          </reporter-output>
        </test-method> <!-- new_setup -->
        <test-method is-config="true" signature="launch()[pri:0, instance:org.ict.testcases.AdminLoginTC@7722c3c3]" started-at="2024-05-29T11:46:26 IST" name="launch" finished-at="2024-05-29T11:46:37 IST" duration-ms="10402" status="PASS">
          <reporter-output>
          </reporter-output>
        </test-method> <!-- launch -->
        <test-method signature="validAdLogin()[pri:3, instance:org.ict.testcases.AdminLoginTC@7722c3c3]" started-at="2024-05-29T11:46:37 IST" name="validAdLogin" finished-at="2024-05-29T11:47:37 IST" duration-ms="60166" status="PASS">
          <reporter-output>
          </reporter-output>
        </test-method> <!-- validAdLogin -->
        <test-method is-config="true" signature="new_setup()[pri:0, instance:org.ict.testcases.AdminLoginTC@7722c3c3]" started-at="2024-05-29T11:47:37 IST" name="new_setup" finished-at="2024-05-29T11:47:37 IST" duration-ms="293" status="PASS">
          <reporter-output>
          </reporter-output>
        </test-method> <!-- new_setup -->
      </class> <!-- org.ict.testcases.AdminLoginTC -->
    </test> <!-- Default test -->
  </suite> <!-- Default suite -->
</testng-results>
