<?xml version="1.0" encoding="UTF-8"?>
<testng-results ignored="4" total="15" passed="11" failed="0" skipped="0">
  <reporter-output>
  </reporter-output>
  <suite started-at="2024-06-10T18:32:37 IST" name="Suite" finished-at="2024-06-10T18:33:13 IST" duration-ms="36242">
    <groups>
    </groups>
    <test started-at="2024-06-10T18:32:37 IST" name="Test" finished-at="2024-06-10T18:33:13 IST" duration-ms="36242">
      <class name="org.ict.testcases.ContactUsTC">
        <test-method is-config="true" signature="classSetup()[pri:0, instance:org.ict.testcases.ContactUsTC@359f7cdf]" started-at="2024-06-10T18:32:50 IST" name="classSetup" finished-at="2024-06-10T18:32:50 IST" duration-ms="3" status="PASS">
          <reporter-output>
          </reporter-output>
        </test-method> <!-- classSetup -->
        <test-method signature="contactDetails()[pri:1, instance:org.ict.testcases.ContactUsTC@359f7cdf]" started-at="2024-06-10T18:32:50 IST" name="contactDetails" finished-at="2024-06-10T18:32:51 IST" duration-ms="651" status="PASS">
          <reporter-output>
          </reporter-output>
        </test-method> <!-- contactDetails -->
        <test-method signature="invContactdetails()[pri:2, instance:org.ict.testcases.ContactUsTC@359f7cdf]" started-at="2024-06-10T18:32:51 IST" name="invContactdetails" finished-at="2024-06-10T18:32:54 IST" duration-ms="3146" status="PASS">
          <reporter-output>
          </reporter-output>
        </test-method> <!-- invContactdetails -->
        <test-method signature="blkContactDetails()[pri:3, instance:org.ict.testcases.ContactUsTC@359f7cdf]" started-at="2024-06-10T18:32:54 IST" name="blkContactDetails" finished-at="2024-06-10T18:32:56 IST" duration-ms="1798" status="PASS">
          <reporter-output>
          </reporter-output>
        </test-method> <!-- blkContactDetails -->
      </class> <!-- org.ict.testcases.ContactUsTC -->
      <class name="org.ict.testcases.AdminLoginTC">
        <test-method is-config="true" signature="classSetup()[pri:0, instance:org.ict.testcases.AdminLoginTC@1fa268de]" started-at="2024-06-10T18:32:56 IST" name="classSetup" finished-at="2024-06-10T18:32:56 IST" duration-ms="2" status="PASS">
          <reporter-output>
          </reporter-output>
        </test-method> <!-- classSetup -->
        <test-method signature="invalidAdLogin()[pri:1, instance:org.ict.testcases.AdminLoginTC@1fa268de]" started-at="2024-06-10T18:32:56 IST" name="invalidAdLogin" finished-at="2024-06-10T18:32:58 IST" duration-ms="2480" status="PASS">
          <reporter-output>
          </reporter-output>
        </test-method> <!-- invalidAdLogin -->
        <test-method signature="blankAdLogin()[pri:2, instance:org.ict.testcases.AdminLoginTC@1fa268de]" started-at="2024-06-10T18:32:58 IST" name="blankAdLogin" finished-at="2024-06-10T18:33:00 IST" duration-ms="1294" status="PASS">
          <reporter-output>
          </reporter-output>
        </test-method> <!-- blankAdLogin -->
        <test-method signature="validAdLogin()[pri:3, instance:org.ict.testcases.AdminLoginTC@1fa268de]" started-at="2024-06-10T18:33:00 IST" name="validAdLogin" finished-at="2024-06-10T18:33:13 IST" duration-ms="13535" status="PASS">
          <reporter-output>
          </reporter-output>
        </test-method> <!-- validAdLogin -->
      </class> <!-- org.ict.testcases.AdminLoginTC -->
      <class name="org.ict.testcases.CourseRegTC">
        <test-method is-config="true" signature="launch()[pri:0, instance:org.ict.testcases.CourseRegTC@5af3afd9]" started-at="2024-06-10T18:32:10 IST" name="launch" finished-at="2024-06-10T18:32:37 IST" duration-ms="27125" status="PASS">
          <reporter-output>
          </reporter-output>
        </test-method> <!-- launch -->
        <test-method is-config="true" signature="classSetup()[pri:0, instance:org.ict.testcases.CourseRegTC@5af3afd9]" started-at="2024-06-10T18:32:37 IST" name="classSetup" finished-at="2024-06-10T18:32:37 IST" duration-ms="59" status="PASS">
          <reporter-output>
          </reporter-output>
        </test-method> <!-- classSetup -->
        <test-method signature="checkDropdnList()[pri:1, instance:org.ict.testcases.CourseRegTC@5af3afd9]" started-at="2024-06-10T18:32:37 IST" name="checkDropdnList" finished-at="2024-06-10T18:32:39 IST" duration-ms="1484" status="PASS">
          <reporter-output>
          </reporter-output>
        </test-method> <!-- checkDropdnList -->
        <test-method signature="courseApply()[pri:2, instance:org.ict.testcases.CourseRegTC@5af3afd9]" started-at="2024-06-10T18:32:39 IST" name="courseApply" finished-at="2024-06-10T18:32:41 IST" duration-ms="2140" status="PASS">
          <reporter-output>
          </reporter-output>
        </test-method> <!-- courseApply -->
        <test-method signature="invalidCourseApply()[pri:3, instance:org.ict.testcases.CourseRegTC@5af3afd9]" started-at="2024-06-10T18:32:41 IST" name="invalidCourseApply" finished-at="2024-06-10T18:32:44 IST" duration-ms="3312" status="PASS">
          <reporter-output>
          </reporter-output>
        </test-method> <!-- invalidCourseApply -->
        <test-method signature="searchValidCourse()[pri:4, instance:org.ict.testcases.CourseRegTC@5af3afd9]" started-at="2024-06-10T18:32:44 IST" name="searchValidCourse" finished-at="2024-06-10T18:32:49 IST" duration-ms="4491" status="PASS">
          <reporter-output>
          </reporter-output>
        </test-method> <!-- searchValidCourse -->
        <test-method signature="invalidSearch()[pri:5, instance:org.ict.testcases.CourseRegTC@5af3afd9]" started-at="2024-06-10T18:32:49 IST" name="invalidSearch" finished-at="2024-06-10T18:32:50 IST" duration-ms="1778" status="PASS">
          <reporter-output>
          </reporter-output>
        </test-method> <!-- invalidSearch -->
        <test-method is-config="true" signature="new_setup()[pri:0, instance:org.ict.testcases.CourseRegTC@5af3afd9]" started-at="2024-06-10T18:33:13 IST" name="new_setup" finished-at="2024-06-10T18:33:14 IST" duration-ms="267" status="PASS">
          <reporter-output>
          </reporter-output>
        </test-method> <!-- new_setup -->
      </class> <!-- org.ict.testcases.CourseRegTC -->
    </test> <!-- Test -->
  </suite> <!-- Suite -->
</testng-results>
