<?xml version="1.0" encoding="UTF-8"?>
<!-- Generated by org.testng.reporters.JUnitXMLReporter -->
<testsuite ignored="0" hostname="LAPTOP-7JLP9E2P" failures="0" tests="3" name="Default test" time="15.173" errors="0" timestamp="2024-06-09T20:31:19 IST">
  <testcase classname="org.ict.testcases.AdminLoginTC" name="invalidAdLogin" time="5.785"/>
  <testcase classname="org.ict.testcases.AdminLoginTC" name="blankAdLogin" time="2.661"/>
  <testcase classname="org.ict.testcases.AdminLoginTC" name="validAdLogin" time="6.636"/>
</testsuite> <!-- Default test -->
